<?xml version="1.0" encoding="UTF-8"?>
<testng-results skipped="0" failed="0" total="1" passed="1">
  <reporter-output>
  </reporter-output>
  <suite name="Default suite" duration-ms="112745" started-at="2020-05-18T09:14:43Z" finished-at="2020-05-18T09:16:36Z">
    <groups>
    </groups>
    <test name="Default test" duration-ms="112745" started-at="2020-05-18T09:14:43Z" finished-at="2020-05-18T09:16:36Z">
      <class name="crossAsyst.TestCase.TestCase1">
        <test-method status="PASS" signature="setup()[pri:0, instance:crossAsyst.TestCase.TestCase1@be64738]" name="setup" is-config="true" duration-ms="13757" started-at="2020-05-18T14:44:43Z" finished-at="2020-05-18T14:44:57Z">
          <reporter-output>
          </reporter-output>
        </test-method> <!-- setup -->
        <test-method status="PASS" signature="TC_WomenPurchase()[pri:0, instance:crossAsyst.TestCase.TestCase1@be64738]" name="TC_WomenPurchase" duration-ms="98271" started-at="2020-05-18T14:44:57Z" finished-at="2020-05-18T14:46:35Z">
          <reporter-output>
          </reporter-output>
        </test-method> <!-- TC_WomenPurchase -->
        <test-method status="PASS" signature="tearDown()[pri:0, instance:crossAsyst.TestCase.TestCase1@be64738]" name="tearDown" is-config="true" duration-ms="676" started-at="2020-05-18T14:46:35Z" finished-at="2020-05-18T14:46:36Z">
          <reporter-output>
          </reporter-output>
        </test-method> <!-- tearDown -->
      </class> <!-- crossAsyst.TestCase.TestCase1 -->
    </test> <!-- Default test -->
  </suite> <!-- Default suite -->
</testng-results>
